[1M> 
[1A----- SExtractor 2.25.0 started on 2025-06-14 at 18:53:15 with 1 thread

[1M> Setting catalog parameters
[1A[1M> Reading detection filter
[1A[1M> Initializing Neural Network
[1A[1M> Reading Neural Network Weights
[1A[1M> Initializing check-image(s)
[1A[1M> Initializing catalog
[1A[1M> Looking for 2143C4_z_09.fits
[1A----- Measuring from: 2143C4_z_09.fits
      "CDE2143C4" / no ext. header / 2112x4644 / 16 bits (integers)
Detection+Measurement image: [1M> Setting up background maps
[1A[1M> Setting up background map at line:   64
[1A[1M> Setting up background map at line:  128
[1A[1M> Setting up background map at line:  192
[1A[1M> Setting up background map at line:  256
[1A[1M> Setting up background map at line:  320
[1A[1M> Setting up background map at line:  384
[1A[1M> Setting up background map at line:  448
[1A[1M> Setting up background map at line:  512
[1A[1M> Setting up background map at line:  576
[1A[1M> Setting up background map at line:  640
[1A[1M> Setting up background map at line:  704
[1A[1M> Setting up background map at line:  768
[1A[1M> Setting up background map at line:  832
[1A[1M> Setting up background map at line:  896
[1A[1M> Setting up background map at line:  960
[1A[1M> Setting up background map at line: 1024
[1A[1M> Setting up background map at line: 1088
[1A[1M> Setting up background map at line: 1152
[1A[1M> Setting up background map at line: 1216
[1A[1M> Setting up background map at line: 1280
[1A[1M> Setting up background map at line: 1344
[1A[1M> Setting up background map at line: 1408
[1A[1M> Setting up background map at line: 1472
[1A[1M> Setting up background map at line: 1536
[1A[1M> Setting up background map at line: 1600
[1A[1M> Setting up background map at line: 1664
[1A[1M> Setting up background map at line: 1728
[1A[1M> Setting up background map at line: 1792
[1A[1M> Setting up background map at line: 1856
[1A[1M> Setting up background map at line: 1920
[1A[1M> Setting up background map at line: 1984
[1A[1M> Setting up background map at line: 2048
[1A[1M> Setting up background map at line: 2112
[1A[1M> Setting up background map at line: 2176
[1A[1M> Setting up background map at line: 2240
[1A[1M> Setting up background map at line: 2304
[1A[1M> Setting up background map at line: 2368
[1A[1M> Setting up background map at line: 2432
[1A[1M> Setting up background map at line: 2496
[1A[1M> Setting up background map at line: 2560
[1A[1M> Setting up background map at line: 2624
[1A[1M> Setting up background map at line: 2688
[1A[1M> Setting up background map at line: 2752
[1A[1M> Setting up background map at line: 2816
[1A[1M> Setting up background map at line: 2880
[1A[1M> Setting up background map at line: 2944
[1A[1M> Setting up background map at line: 3008
[1A[1M> Setting up background map at line: 3072
[1A[1M> Setting up background map at line: 3136
[1A[1M> Setting up background map at line: 3200
[1A[1M> Setting up background map at line: 3264
[1A[1M> Setting up background map at line: 3328
[1A[1M> Setting up background map at line: 3392
[1A[1M> Setting up background map at line: 3456
[1A[1M> Setting up background map at line: 3520
[1A[1M> Setting up background map at line: 3584
[1A[1M> Setting up background map at line: 3648
[1A[1M> Setting up background map at line: 3712
[1A[1M> Setting up background map at line: 3776
[1A[1M> Setting up background map at line: 3840
[1A[1M> Setting up background map at line: 3904
[1A[1M> Setting up background map at line: 3968
[1A[1M> Setting up background map at line: 4032
[1A[1M> Setting up background map at line: 4096
[1A[1M> Setting up background map at line: 4160
[1A[1M> Setting up background map at line: 4224
[1A[1M> Setting up background map at line: 4288
[1A[1M> Setting up background map at line: 4352
[1A[1M> Setting up background map at line: 4416
[1A[1M> Setting up background map at line: 4480
[1A[1M> Setting up background map at line: 4544
[1A[1M> Setting up background map at line: 4608
[1A[1M> Filtering background map(s)
[1A[1M> Computing background d-map
[1A[1M> Computing background-noise d-map
[1A(M+D) Background: 1790.64    RMS: 36.8177    / Threshold: 55.2266    
[1M> Scanning image
[1A[1M> Line:   25  Objects:        3 detected /        0 sextracted
[1A[1M> Line:   50  Objects:       14 detected /        0 sextracted
[1A[1M> Line:   75  Objects:       27 detected /        0 sextracted
[1A[1M> Line:  100  Objects:       33 detected /        0 sextracted
[1A[1M> Line:  125  Objects:       43 detected /        0 sextracted
[1A[1M> Line:  150  Objects:       55 detected /        0 sextracted
[1A[1M> Line:  175  Objects:       64 detected /        0 sextracted
[1A[1M> Line:  200  Objects:       71 detected /        0 sextracted
[1A[1M> Line:  225  Objects:       86 detected /        0 sextracted
[1A[1M> Line:  250  Objects:      103 detected /        0 sextracted
[1A[1M> Line:  275  Objects:      113 detected /        0 sextracted
[1A[1M> Line:  300  Objects:      119 detected /        0 sextracted
[1A[1M> Line:  325  Objects:      127 detected /        0 sextracted
[1A[1M> Line:  350  Objects:      137 detected /        0 sextracted
[1A[1M> Line:  375  Objects:      152 detected /        0 sextracted
[1A[1M> Line:  400  Objects:      165 detected /        0 sextracted
[1A[1M> Line:  425  Objects:      173 detected /        0 sextracted
[1A[1M> Line:  450  Objects:      184 detected /        0 sextracted
[1A[1M> Line:  475  Objects:      193 detected /        0 sextracted
[1A[1M> Line:  500  Objects:      199 detected /        0 sextracted
[1A[1M> Line:  525  Objects:      206 detected /        0 sextracted
[1A[1M> Line:  550  Objects:      213 detected /        0 sextracted
[1A[1M> Line:  575  Objects:      223 detected /        0 sextracted
[1A[1M> Line:  600  Objects:      231 detected /        0 sextracted
[1A[1M> Line:  625  Objects:      241 detected /        0 sextracted
[1A[1M> Line:  650  Objects:      253 detected /        0 sextracted
[1A[1M> Line:  675  Objects:      264 detected /        0 sextracted
[1A[1M> Line:  700  Objects:      274 detected /        0 sextracted
[1A[1M> Line:  725  Objects:      286 detected /        0 sextracted
[1A[1M> Line:  750  Objects:      297 detected /        0 sextracted
[1A[1M> Line:  775  Objects:      304 detected /        0 sextracted
[1A[1M> Line:  800  Objects:      313 detected /        0 sextracted
[1A[1M> Line:  825  Objects:      322 detected /        0 sextracted
[1A[1M> Line:  850  Objects:      336 detected /        0 sextracted
[1A[1M> Line:  875  Objects:      339 detected /        0 sextracted
[1A[1M> Line:  900  Objects:      349 detected /        0 sextracted
[1A[1M> Line:  925  Objects:      359 detected /        0 sextracted
[1A[1M> Line:  950  Objects:      375 detected /        0 sextracted
[1A[1M> Line:  975  Objects:      381 detected /        0 sextracted
[1A[1M> Line: 1000  Objects:      390 detected /        0 sextracted
[1A[1M> Line: 1022  Objects:      402 detected /        0 sextracted
[1A[1M> Line: 1025  Objects:      403 detected /       11 sextracted
[1A[1M> Line: 1050  Objects:      419 detected /       21 sextracted
[1A[1M> Line: 1075  Objects:      434 detected /       33 sextracted
[1A[1M> Line: 1100  Objects:      440 detected /       40 sextracted
[1A[1M> Line: 1125  Objects:      453 detected /       49 sextracted
[1A[1M> Line: 1150  Objects:      465 detected /       57 sextracted
[1A[1M> Line: 1175  Objects:      480 detected /       63 sextracted
[1A[1M> Line: 1200  Objects:      490 detected /       75 sextracted
[1A[1M> Line: 1225  Objects:      505 detected /       92 sextracted
[1A[1M> Line: 1250  Objects:      514 detected /      101 sextracted
[1A[1M> Line: 1275  Objects:      524 detected /      109 sextracted
[1A[1M> Line: 1300  Objects:      537 detected /      116 sextracted
[1A[1M> Line: 1325  Objects:      550 detected /      122 sextracted
[1A[1M> Line: 1350  Objects:      555 detected /      136 sextracted
[1A[1M> Line: 1375  Objects:      562 detected /      150 sextracted
[1A[1M> Line: 1400  Objects:      575 detected /      158 sextracted
[1A[1M> Line: 1425  Objects:      591 detected /      169 sextracted
[1A[1M> Line: 1450  Objects:      607 detected /      174 sextracted
[1A[1M> Line: 1475  Objects:      619 detected /      183 sextracted
[1A[1M> Line: 1500  Objects:      629 detected /      188 sextracted
[1A[1M> Line: 1525  Objects:      633 detected /      196 sextracted
[1A[1M> Line: 1550  Objects:      648 detected /      208 sextracted
[1A[1M> Line: 1575  Objects:      659 detected /      215 sextracted
[1A[1M> Line: 1600  Objects:      671 detected /      223 sextracted
[1A[1M> Line: 1625  Objects:      688 detected /      232 sextracted
[1A[1M> Line: 1650  Objects:      706 detected /      244 sextracted
[1A[1M> Line: 1675  Objects:      714 detected /      254 sextracted
[1A
> WARNING: Pixel stack overflow at position 9,1691

[1M> Line: 1700  Objects:      725 detected /      264 sextracted
[1A[1M> Line: 1725  Objects:      741 detected /      278 sextracted
[1A[1M> Line: 1750  Objects:      756 detected /      286 sextracted
[1A[1M> Line: 1775  Objects:      769 detected /      291 sextracted
[1A[1M> Line: 1800  Objects:      784 detected /      300 sextracted
[1A[1M> Line: 1825  Objects:      795 detected /      313 sextracted
[1A[1M> Line: 1850  Objects:      808 detected /      318 sextracted
[1A[1M> Line: 1875  Objects:      830 detected /      327 sextracted
[1A[1M> Line: 1900  Objects:      845 detected /      337 sextracted
[1A[1M> Line: 1925  Objects:      860 detected /      352 sextracted
[1A[1M> Line: 1950  Objects:      878 detected /      363 sextracted
[1A[1M> Line: 1975  Objects:      893 detected /      370 sextracted
[1A[1M> Line: 2000  Objects:      905 detected /      381 sextracted
[1A[1M> Line: 2025  Objects:      913 detected /      392 sextracted
[1A[1M> Line: 2041  Objects:      925 detected /      400 sextracted
[1A[1M> Line: 2050  Objects:      931 detected /      407 sextracted
[1A[1M> Line: 2075  Objects:      947 detected /      413 sextracted
[1A[1M> Line: 2100  Objects:      957 detected /      426 sextracted
[1A[1M> Line: 2125  Objects:      968 detected /      434 sextracted
[1A[1M> Line: 2150  Objects:      985 detected /      444 sextracted
[1A[1M> Line: 2175  Objects:      994 detected /      457 sextracted
[1A[1M> Line: 2200  Objects:     1007 detected /      470 sextracted
[1A[1M> Line: 2225  Objects:     1022 detected /      478 sextracted
[1A[1M> Line: 2250  Objects:     1041 detected /      488 sextracted
[1A
> WARNING: Pixel stack overflow at position 2046,2254

[1M> Line: 2275  Objects:     1050 detected /      501 sextracted
[1A[1M> Line: 2300  Objects:     1062 detected /      512 sextracted
[1A[1M> Line: 2325  Objects:     1070 detected /      520 sextracted
[1A[1M> Line: 2350  Objects:     1076 detected /      525 sextracted
[1A[1M> Line: 2375  Objects:     1089 detected /      536 sextracted
[1A[1M> Line: 2400  Objects:     1098 detected /      545 sextracted
[1A[1M> Line: 2425  Objects:     1112 detected /      558 sextracted
[1A[1M> Line: 2450  Objects:     1128 detected /      572 sextracted
[1A[1M> Line: 2475  Objects:     1143 detected /      582 sextracted
[1A[1M> Line: 2500  Objects:     1156 detected /      589 sextracted
[1A[1M> Line: 2525  Objects:     1168 detected /      599 sextracted
[1A[1M> Line: 2550  Objects:     1187 detected /      611 sextracted
[1A[1M> Line: 2575  Objects:     1203 detected /      620 sextracted
[1A[1M> Line: 2600  Objects:     1210 detected /      636 sextracted
[1A[1M> Line: 2625  Objects:     1219 detected /      654 sextracted
[1A[1M> Line: 2650  Objects:     1237 detected /      667 sextracted
[1A[1M> Line: 2675  Objects:     1255 detected /      674 sextracted
[1A[1M> Line: 2700  Objects:     1265 detected /      685 sextracted
[1A[1M> Line: 2725  Objects:     1276 detected /      703 sextracted
[1A[1M> Line: 2750  Objects:     1288 detected /      716 sextracted
[1A[1M> Line: 2775  Objects:     1294 detected /      730 sextracted
[1A[1M> Line: 2800  Objects:     1311 detected /      742 sextracted
[1A[1M> Line: 2825  Objects:     1327 detected /      756 sextracted
[1A[1M> Line: 2850  Objects:     1339 detected /      767 sextracted
[1A[1M> Line: 2875  Objects:     1355 detected /      781 sextracted
[1A[1M> Line: 2900  Objects:     1368 detected /      793 sextracted
[1A[1M> Line: 2916  Objects:     1376 detected /      800 sextracted
[1A[1M> Line: 2925  Objects:     1378 detected /      807 sextracted
[1A[1M> Line: 2950  Objects:     1391 detected /      821 sextracted
[1A[1M> Line: 2975  Objects:     1398 detected /      832 sextracted
[1A
> WARNING: Pixel stack overflow at position 30,2992

[1M> Line: 3000  Objects:     1406 detected /      840 sextracted
[1A[1M> Line: 3025  Objects:     1419 detected /      855 sextracted
[1A[1M> Line: 3050  Objects:     1426 detected /      869 sextracted
[1A[1M> Line: 3075  Objects:     1432 detected /      879 sextracted
[1A[1M> Line: 3100  Objects:     1440 detected /      889 sextracted
[1A[1M> Line: 3125  Objects:     1455 detected /      900 sextracted
[1A[1M> Line: 3150  Objects:     1462 detected /      915 sextracted
[1A[1M> Line: 3175  Objects:     1472 detected /      922 sextracted
[1A[1M> Line: 3200  Objects:     1482 detected /      938 sextracted
[1A[1M> Line: 3225  Objects:     1501 detected /      955 sextracted
[1A[1M> Line: 3250  Objects:     1523 detected /      968 sextracted
[1A[1M> Line: 3275  Objects:     1535 detected /      975 sextracted
[1A[1M> Line: 3300  Objects:     1551 detected /      986 sextracted
[1A[1M> Line: 3325  Objects:     1566 detected /      991 sextracted
[1A[1M> Line: 3350  Objects:     1579 detected /     1001 sextracted
[1A[1M> Line: 3375  Objects:     1585 detected /     1014 sextracted
[1A[1M> Line: 3400  Objects:     1602 detected /     1027 sextracted
[1A[1M> Line: 3425  Objects:     1609 detected /     1038 sextracted
[1A
> WARNING: Pixel stack overflow at position 2067,3430

[1M> Line: 3450  Objects:     1620 detected /     1050 sextracted
[1A[1M> Line: 3475  Objects:     1633 detected /     1064 sextracted
[1A[1M> Line: 3500  Objects:     1640 detected /     1078 sextracted
[1A[1M> Line: 3525  Objects:     1652 detected /     1094 sextracted
[1A[1M> Line: 3550  Objects:     1661 detected /     1111 sextracted
[1A[1M> Line: 3575  Objects:     1673 detected /     1122 sextracted
[1A[1M> Line: 3600  Objects:     1692 detected /     1130 sextracted
[1A[1M> Line: 3625  Objects:     1706 detected /     1141 sextracted
[1A[1M> Line: 3650  Objects:     1715 detected /     1161 sextracted
[1A[1M> Line: 3675  Objects:     1731 detected /     1172 sextracted
[1A[1M> Line: 3700  Objects:     1742 detected /     1183 sextracted
[1A[1M> Line: 3725  Objects:     1753 detected /     1197 sextracted
[1A[1M> Line: 3736  Objects:     1760 detected /     1200 sextracted
[1A[1M> Line: 3750  Objects:     1771 detected /     1203 sextracted
[1A[1M> Line: 3775  Objects:     1787 detected /     1211 sextracted
[1A[1M> Line: 3800  Objects:     1801 detected /     1223 sextracted
[1A[1M> Line: 3825  Objects:     1815 detected /     1237 sextracted
[1A[1M> Line: 3850  Objects:     1823 detected /     1250 sextracted
[1A[1M> Line: 3875  Objects:     1834 detected /     1264 sextracted
[1A[1M> Line: 3900  Objects:     1857 detected /     1277 sextracted
[1A[1M> Line: 3925  Objects:     1880 detected /     1285 sextracted
[1A[1M> Line: 3950  Objects:     1895 detected /     1296 sextracted
[1A[1M> Line: 3975  Objects:     1917 detected /     1299 sextracted
[1A[1M> Line: 4000  Objects:     1928 detected /     1312 sextracted
[1A[1M> Line: 4025  Objects:     1936 detected /     1319 sextracted
[1A[1M> Line: 4050  Objects:     1959 detected /     1323 sextracted
[1A[1M> Line: 4075  Objects:     1964 detected /     1332 sextracted
[1A
> WARNING: Pixel stack overflow at position 36,4078

[1M> Line: 4100  Objects:     1980 detected /     1344 sextracted
[1A[1M> Line: 4125  Objects:     1992 detected /     1353 sextracted
[1A[1M> Line: 4150  Objects:     2008 detected /     1363 sextracted
[1A[1M> Line: 4175  Objects:     2019 detected /     1373 sextracted
[1A[1M> Line: 4200  Objects:     2034 detected /     1386 sextracted
[1A[1M> Line: 4225  Objects:     2047 detected /     1396 sextracted
[1A[1M> Line: 4250  Objects:     2059 detected /     1417 sextracted
[1A[1M> Line: 4275  Objects:     2069 detected /     1426 sextracted
[1A[1M> Line: 4300  Objects:     2079 detected /     1442 sextracted
[1A[1M> Line: 4325  Objects:     2086 detected /     1449 sextracted
[1A[1M> Line: 4350  Objects:     2106 detected /     1458 sextracted
[1A[1M> Line: 4375  Objects:     2123 detected /     1471 sextracted
[1A[1M> Line: 4400  Objects:     2140 detected /     1477 sextracted
[1A[1M> Line: 4425  Objects:     2152 detected /     1482 sextracted
[1A[1M> Line: 4450  Objects:     2163 detected /     1496 sextracted
[1A[1M> Line: 4475  Objects:     2178 detected /     1502 sextracted
[1A[1M> Line: 4500  Objects:     2199 detected /     1511 sextracted
[1A[1M> Line: 4525  Objects:     2219 detected /     1519 sextracted
[1A[1M> Line: 4550  Objects:     2221 detected /     1531 sextracted
[1A[1M> Line: 4575  Objects:     2227 detected /     1548 sextracted
[1A[1M> Line: 4600  Objects:     2228 detected /     1564 sextracted
[1A[1M> Line: 4625  Objects:     2238 detected /     1576 sextracted
[1A[1M> Line: 4644  Objects:     2241 detected /     1600 sextracted
[1A[1M> Line: 4644  Objects:     2241 detected /     2000 sextracted
[1A      Objects: detected 2241     / sextracted 2013            

[1M> Closing files
[1A[1M> 
[1A> All done (in 0.5 s: 9992.3 lines/s , 4331.3 detections/s)
