[1M> 
[1A----- SExtractor 2.25.0 started on 2025-06-14 at 18:53:07 with 1 thread

[1M> Setting catalog parameters
[1A[1M> Reading detection filter
[1A[1M> Initializing Neural Network
[1A[1M> Reading Neural Network Weights
[1A[1M> Initializing check-image(s)
[1A[1M> Initializing catalog
[1A[1M> Looking for 0357D5_z_06.fits
[1A----- Detecting from: 0357D5_z_06.fits
      "CDE0357D5" / no ext. header / 2112x4644 / 16 bits (integers)
[1M> Looking for 0357D5_r_06.fits
[1A----- Measuring from: 0357D5_r_06.fits
      "CDE0357D5" / no ext. header / 2112x4644 / 16 bits (integers)
Measurement image:[1M> Setting up background maps
[1A[1M> Setting up background map at line:   64
[1A[1M> Setting up background map at line:  128
[1A[1M> Setting up background map at line:  192
[1A[1M> Setting up background map at line:  256
[1A[1M> Setting up background map at line:  320
[1A[1M> Setting up background map at line:  384
[1A[1M> Setting up background map at line:  448
[1A[1M> Setting up background map at line:  512
[1A[1M> Setting up background map at line:  576
[1A[1M> Setting up background map at line:  640
[1A[1M> Setting up background map at line:  704
[1A[1M> Setting up background map at line:  768
[1A[1M> Setting up background map at line:  832
[1A[1M> Setting up background map at line:  896
[1A[1M> Setting up background map at line:  960
[1A[1M> Setting up background map at line: 1024
[1A[1M> Setting up background map at line: 1088
[1A[1M> Setting up background map at line: 1152
[1A[1M> Setting up background map at line: 1216
[1A[1M> Setting up background map at line: 1280
[1A[1M> Setting up background map at line: 1344
[1A[1M> Setting up background map at line: 1408
[1A[1M> Setting up background map at line: 1472
[1A[1M> Setting up background map at line: 1536
[1A[1M> Setting up background map at line: 1600
[1A[1M> Setting up background map at line: 1664
[1A[1M> Setting up background map at line: 1728
[1A[1M> Setting up background map at line: 1792
[1A[1M> Setting up background map at line: 1856
[1A[1M> Setting up background map at line: 1920
[1A[1M> Setting up background map at line: 1984
[1A[1M> Setting up background map at line: 2048
[1A[1M> Setting up background map at line: 2112
[1A[1M> Setting up background map at line: 2176
[1A[1M> Setting up background map at line: 2240
[1A[1M> Setting up background map at line: 2304
[1A[1M> Setting up background map at line: 2368
[1A[1M> Setting up background map at line: 2432
[1A[1M> Setting up background map at line: 2496
[1A[1M> Setting up background map at line: 2560
[1A[1M> Setting up background map at line: 2624
[1A[1M> Setting up background map at line: 2688
[1A[1M> Setting up background map at line: 2752
[1A[1M> Setting up background map at line: 2816
[1A[1M> Setting up background map at line: 2880
[1A[1M> Setting up background map at line: 2944
[1A[1M> Setting up background map at line: 3008
[1A[1M> Setting up background map at line: 3072
[1A[1M> Setting up background map at line: 3136
[1A[1M> Setting up background map at line: 3200
[1A[1M> Setting up background map at line: 3264
[1A[1M> Setting up background map at line: 3328
[1A[1M> Setting up background map at line: 3392
[1A[1M> Setting up background map at line: 3456
[1A[1M> Setting up background map at line: 3520
[1A[1M> Setting up background map at line: 3584
[1A[1M> Setting up background map at line: 3648
[1A[1M> Setting up background map at line: 3712
[1A[1M> Setting up background map at line: 3776
[1A[1M> Setting up background map at line: 3840
[1A[1M> Setting up background map at line: 3904
[1A[1M> Setting up background map at line: 3968
[1A[1M> Setting up background map at line: 4032
[1A[1M> Setting up background map at line: 4096
[1A[1M> Setting up background map at line: 4160
[1A[1M> Setting up background map at line: 4224
[1A[1M> Setting up background map at line: 4288
[1A[1M> Setting up background map at line: 4352
[1A[1M> Setting up background map at line: 4416
[1A[1M> Setting up background map at line: 4480
[1A[1M> Setting up background map at line: 4544
[1A[1M> Setting up background map at line: 4608
[1A[1M> Filtering background map(s)
[1A[1M> Computing background d-map
[1A[1M> Computing background-noise d-map
[1A(M)   Background: 1370.47    RMS: 30.2464    / Threshold: 45.3696    
Detection image: [1M> Setting up background maps
[1A[1M> Setting up background map at line:   64
[1A[1M> Setting up background map at line:  128
[1A[1M> Setting up background map at line:  192
[1A[1M> Setting up background map at line:  256
[1A[1M> Setting up background map at line:  320
[1A[1M> Setting up background map at line:  384
[1A[1M> Setting up background map at line:  448
[1A[1M> Setting up background map at line:  512
[1A[1M> Setting up background map at line:  576
[1A[1M> Setting up background map at line:  640
[1A[1M> Setting up background map at line:  704
[1A[1M> Setting up background map at line:  768
[1A[1M> Setting up background map at line:  832
[1A[1M> Setting up background map at line:  896
[1A[1M> Setting up background map at line:  960
[1A[1M> Setting up background map at line: 1024
[1A[1M> Setting up background map at line: 1088
[1A[1M> Setting up background map at line: 1152
[1A[1M> Setting up background map at line: 1216
[1A[1M> Setting up background map at line: 1280
[1A[1M> Setting up background map at line: 1344
[1A[1M> Setting up background map at line: 1408
[1A[1M> Setting up background map at line: 1472
[1A[1M> Setting up background map at line: 1536
[1A[1M> Setting up background map at line: 1600
[1A[1M> Setting up background map at line: 1664
[1A[1M> Setting up background map at line: 1728
[1A[1M> Setting up background map at line: 1792
[1A[1M> Setting up background map at line: 1856
[1A[1M> Setting up background map at line: 1920
[1A[1M> Setting up background map at line: 1984
[1A[1M> Setting up background map at line: 2048
[1A[1M> Setting up background map at line: 2112
[1A[1M> Setting up background map at line: 2176
[1A[1M> Setting up background map at line: 2240
[1A[1M> Setting up background map at line: 2304
[1A[1M> Setting up background map at line: 2368
[1A[1M> Setting up background map at line: 2432
[1A[1M> Setting up background map at line: 2496
[1A[1M> Setting up background map at line: 2560
[1A[1M> Setting up background map at line: 2624
[1A[1M> Setting up background map at line: 2688
[1A[1M> Setting up background map at line: 2752
[1A[1M> Setting up background map at line: 2816
[1A[1M> Setting up background map at line: 2880
[1A[1M> Setting up background map at line: 2944
[1A[1M> Setting up background map at line: 3008
[1A[1M> Setting up background map at line: 3072
[1A[1M> Setting up background map at line: 3136
[1A[1M> Setting up background map at line: 3200
[1A[1M> Setting up background map at line: 3264
[1A[1M> Setting up background map at line: 3328
[1A[1M> Setting up background map at line: 3392
[1A[1M> Setting up background map at line: 3456
[1A[1M> Setting up background map at line: 3520
[1A[1M> Setting up background map at line: 3584
[1A[1M> Setting up background map at line: 3648
[1A[1M> Setting up background map at line: 3712
[1A[1M> Setting up background map at line: 3776
[1A[1M> Setting up background map at line: 3840
[1A[1M> Setting up background map at line: 3904
[1A[1M> Setting up background map at line: 3968
[1A[1M> Setting up background map at line: 4032
[1A[1M> Setting up background map at line: 4096
[1A[1M> Setting up background map at line: 4160
[1A[1M> Setting up background map at line: 4224
[1A[1M> Setting up background map at line: 4288
[1A[1M> Setting up background map at line: 4352
[1A[1M> Setting up background map at line: 4416
[1A[1M> Setting up background map at line: 4480
[1A[1M> Setting up background map at line: 4544
[1A[1M> Setting up background map at line: 4608
[1A[1M> Filtering background map(s)
[1A[1M> Computing background d-map
[1A[1M> Computing background-noise d-map
[1A(D)   Background: 2447.97    RMS: 42.6469    / Threshold: 63.9704    
[1M> Scanning image
[1A[1M> Line:   25  Objects:        7 detected /        0 sextracted
[1A[1M> Line:   50  Objects:       18 detected /        0 sextracted
[1A[1M> Line:   75  Objects:       29 detected /        0 sextracted
[1A[1M> Line:  100  Objects:       43 detected /        0 sextracted
[1A[1M> Line:  125  Objects:       56 detected /        0 sextracted
[1A[1M> Line:  150  Objects:       63 detected /        0 sextracted
[1A[1M> Line:  175  Objects:       78 detected /        0 sextracted
[1A[1M> Line:  200  Objects:      100 detected /        0 sextracted
[1A[1M> Line:  225  Objects:      114 detected /        0 sextracted
[1A[1M> Line:  250  Objects:      123 detected /        0 sextracted
[1A[1M> Line:  275  Objects:      137 detected /        0 sextracted
[1A[1M> Line:  300  Objects:      142 detected /        0 sextracted
[1A[1M> Line:  325  Objects:      148 detected /        0 sextracted
[1A[1M> Line:  350  Objects:      166 detected /        0 sextracted
[1A[1M> Line:  375  Objects:      178 detected /        0 sextracted
[1A[1M> Line:  400  Objects:      186 detected /        0 sextracted
[1A[1M> Line:  425  Objects:      199 detected /        0 sextracted
[1A[1M> Line:  450  Objects:      210 detected /        0 sextracted
[1A[1M> Line:  475  Objects:      225 detected /        0 sextracted
[1A[1M> Line:  500  Objects:      241 detected /        0 sextracted
[1A[1M> Line:  525  Objects:      254 detected /        0 sextracted
[1A[1M> Line:  550  Objects:      270 detected /        0 sextracted
[1A[1M> Line:  575  Objects:      293 detected /        0 sextracted
[1A[1M> Line:  600  Objects:      305 detected /        0 sextracted
[1A[1M> Line:  625  Objects:      324 detected /        0 sextracted
[1A[1M> Line:  650  Objects:      344 detected /        0 sextracted
[1A[1M> Line:  675  Objects:      359 detected /        0 sextracted
[1A[1M> Line:  700  Objects:      371 detected /        0 sextracted
[1A[1M> Line:  725  Objects:      381 detected /        0 sextracted
[1A[1M> Line:  750  Objects:      399 detected /        0 sextracted
[1A[1M> Line:  775  Objects:      416 detected /        0 sextracted
[1A[1M> Line:  800  Objects:      433 detected /        0 sextracted
[1A[1M> Line:  825  Objects:      448 detected /        0 sextracted
[1A[1M> Line:  850  Objects:      467 detected /        0 sextracted
[1A[1M> Line:  875  Objects:      486 detected /        0 sextracted
[1A[1M> Line:  900  Objects:      499 detected /        0 sextracted
[1A[1M> Line:  925  Objects:      505 detected /        0 sextracted
[1A[1M> Line:  950  Objects:      516 detected /        0 sextracted
[1A[1M> Line:  975  Objects:      522 detected /        0 sextracted
[1A[1M> Line: 1000  Objects:      534 detected /        0 sextracted
[1A[1M> Line: 1022  Objects:      547 detected /        0 sextracted
[1A[1M> Line: 1025  Objects:      547 detected /        9 sextracted
[1A[1M> Line: 1050  Objects:      564 detected /       17 sextracted
[1A[1M> Line: 1075  Objects:      578 detected /       29 sextracted
[1A[1M> Line: 1100  Objects:      592 detected /       37 sextracted
[1A[1M> Line: 1125  Objects:      605 detected /       45 sextracted
[1A[1M> Line: 1150  Objects:      620 detected /       54 sextracted
[1A[1M> Line: 1175  Objects:      633 detected /       62 sextracted
[1A[1M> Line: 1200  Objects:      643 detected /       73 sextracted
[1A[1M> Line: 1225  Objects:      658 detected /       81 sextracted
[1A[1M> Line: 1250  Objects:      671 detected /       93 sextracted
[1A[1M> Line: 1275  Objects:      681 detected /      102 sextracted
[1A[1M> Line: 1300  Objects:      695 detected /      107 sextracted
[1A[1M> Line: 1325  Objects:      709 detected /      117 sextracted
[1A[1M> Line: 1350  Objects:      722 detected /      123 sextracted
[1A[1M> Line: 1375  Objects:      740 detected /      130 sextracted
[1A[1M> Line: 1400  Objects:      758 detected /      141 sextracted
[1A[1M> Line: 1425  Objects:      775 detected /      148 sextracted
[1A[1M> Line: 1450  Objects:      793 detected /      156 sextracted
[1A[1M> Line: 1475  Objects:      817 detected /      167 sextracted
[1A[1M> Line: 1500  Objects:      837 detected /      180 sextracted
[1A[1M> Line: 1525  Objects:      860 detected /      189 sextracted
[1A[1M> Line: 1550  Objects:      879 detected /      203 sextracted
[1A[1M> Line: 1575  Objects:      897 detected /      213 sextracted
[1A[1M> Line: 1600  Objects:      920 detected /      229 sextracted
[1A[1M> Line: 1625  Objects:      941 detected /      240 sextracted
[1A[1M> Line: 1650  Objects:      960 detected /      251 sextracted
[1A
> WARNING: Pixel stack overflow at position 2038,1662

[1M> Line: 1675  Objects:      979 detected /      258 sextracted
[1A[1M> Line: 1700  Objects:      990 detected /      264 sextracted
[1A[1M> Line: 1725  Objects:     1009 detected /      274 sextracted
[1A[1M> Line: 1750  Objects:     1019 detected /      283 sextracted
[1A[1M> Line: 1775  Objects:     1043 detected /      294 sextracted
[1A[1M> Line: 1800  Objects:     1061 detected /      303 sextracted
[1A[1M> Line: 1825  Objects:     1081 detected /      312 sextracted
[1A[1M> Line: 1850  Objects:     1098 detected /      323 sextracted
[1A[1M> Line: 1875  Objects:     1117 detected /      334 sextracted
[1A[1M> Line: 1900  Objects:     1136 detected /      339 sextracted
[1A[1M> Line: 1925  Objects:     1151 detected /      346 sextracted
[1A[1M> Line: 1950  Objects:     1161 detected /      349 sextracted
[1A[1M> Line: 1975  Objects:     1170 detected /      357 sextracted
[1A[1M> Line: 2000  Objects:     1182 detected /      367 sextracted
[1A[1M> Line: 2025  Objects:     1194 detected /      377 sextracted
[1A[1M> Line: 2050  Objects:     1208 detected /      389 sextracted
[1A[1M> Line: 2075  Objects:     1221 detected /      398 sextracted
[1A[1M> Line: 2077  Objects:     1225 detected /      400 sextracted
[1A[1M> Line: 2100  Objects:     1242 detected /      409 sextracted
[1A[1M> Line: 2125  Objects:     1254 detected /      422 sextracted
[1A[1M> Line: 2150  Objects:     1264 detected /      432 sextracted
[1A[1M> Line: 2175  Objects:     1272 detected /      440 sextracted
[1A
> WARNING: Pixel stack overflow at position 2058,2191

[1M> Line: 2200  Objects:     1289 detected /      453 sextracted
[1A[1M> Line: 2225  Objects:     1300 detected /      460 sextracted
[1A[1M> Line: 2250  Objects:     1307 detected /      470 sextracted
[1A[1M> Line: 2275  Objects:     1320 detected /      483 sextracted
[1A[1M> Line: 2300  Objects:     1335 detected /      495 sextracted
[1A[1M> Line: 2325  Objects:     1348 detected /      506 sextracted
[1A[1M> Line: 2350  Objects:     1365 detected /      520 sextracted
[1A[1M> Line: 2375  Objects:     1373 detected /      535 sextracted
[1A[1M> Line: 2400  Objects:     1381 detected /      548 sextracted
[1A[1M> Line: 2425  Objects:     1400 detected /      557 sextracted
[1A[1M> Line: 2450  Objects:     1416 detected /      575 sextracted
[1A[1M> Line: 2475  Objects:     1429 detected /      584 sextracted
[1A[1M> Line: 2500  Objects:     1445 detected /      600 sextracted
[1A[1M> Line: 2525  Objects:     1472 detected /      613 sextracted
[1A[1M> Line: 2550  Objects:     1484 detected /      625 sextracted
[1A[1M> Line: 2575  Objects:     1498 detected /      633 sextracted
[1A[1M> Line: 2600  Objects:     1518 detected /      641 sextracted
[1A[1M> Line: 2625  Objects:     1525 detected /      651 sextracted
[1A[1M> Line: 2650  Objects:     1543 detected /      661 sextracted
[1A[1M> Line: 2675  Objects:     1562 detected /      670 sextracted
[1A[1M> Line: 2700  Objects:     1579 detected /      677 sextracted
[1A[1M> Line: 2725  Objects:     1591 detected /      690 sextracted
[1A[1M> Line: 2750  Objects:     1600 detected /      703 sextracted
[1A[1M> Line: 2775  Objects:     1607 detected /      720 sextracted
[1A[1M> Line: 2800  Objects:     1615 detected /      729 sextracted
[1A[1M> Line: 2825  Objects:     1630 detected /      738 sextracted
[1A[1M> Line: 2850  Objects:     1643 detected /      748 sextracted
[1A[1M> Line: 2875  Objects:     1653 detected /      764 sextracted
[1A[1M> Line: 2900  Objects:     1664 detected /      773 sextracted
[1A[1M> Line: 2925  Objects:     1680 detected /      782 sextracted
[1A
> WARNING: Pixel stack overflow at position 81,2928

[1M> Line: 2950  Objects:     1690 detected /      786 sextracted
[1A[1M> Line: 2975  Objects:     1706 detected /      798 sextracted
[1A[1M> Line: 2985  Objects:     1711 detected /      800 sextracted
[1A[1M> Line: 3000  Objects:     1722 detected /      803 sextracted
[1A[1M> Line: 3025  Objects:     1741 detected /      811 sextracted
[1A[1M> Line: 3050  Objects:     1750 detected /      823 sextracted
[1A[1M> Line: 3075  Objects:     1761 detected /      830 sextracted
[1A[1M> Line: 3100  Objects:     1775 detected /      840 sextracted
[1A[1M> Line: 3125  Objects:     1798 detected /      847 sextracted
[1A[1M> Line: 3150  Objects:     1814 detected /      854 sextracted
[1A[1M> Line: 3175  Objects:     1834 detected /      861 sextracted
[1A[1M> Line: 3200  Objects:     1846 detected /      872 sextracted
[1A[1M> Line: 3225  Objects:     1855 detected /      879 sextracted
[1A[1M> Line: 3250  Objects:     1868 detected /      886 sextracted
[1A[1M> Line: 3275  Objects:     1895 detected /      892 sextracted
[1A[1M> Line: 3300  Objects:     1907 detected /      906 sextracted
[1A[1M> Line: 3325  Objects:     1919 detected /      914 sextracted
[1A[1M> Line: 3350  Objects:     1932 detected /      922 sextracted
[1A[1M> Line: 3375  Objects:     1949 detected /      925 sextracted
[1A[1M> Line: 3400  Objects:     1977 detected /      940 sextracted
[1A
> WARNING: Pixel stack overflow at position 1593,3422

[1M> Line: 3425  Objects:     2000 detected /      946 sextracted
[1A[1M> Line: 3450  Objects:     2021 detected /      962 sextracted
[1A[1M> Line: 3475  Objects:     2038 detected /      975 sextracted
[1A[1M> Line: 3500  Objects:     2054 detected /      986 sextracted
[1A[1M> Line: 3525  Objects:     2071 detected /      994 sextracted
[1A[1M> Line: 3550  Objects:     2090 detected /     1000 sextracted
[1A[1M> Line: 3575  Objects:     2112 detected /     1015 sextracted
[1A[1M> Line: 3600  Objects:     2129 detected /     1021 sextracted
[1A[1M> Line: 3625  Objects:     2143 detected /     1031 sextracted
[1A[1M> Line: 3650  Objects:     2158 detected /     1040 sextracted
[1A[1M> Line: 3675  Objects:     2186 detected /     1051 sextracted
[1A[1M> Line: 3700  Objects:     2208 detected /     1065 sextracted
[1A[1M> Line: 3725  Objects:     2227 detected /     1070 sextracted
[1A[1M> Line: 3750  Objects:     2242 detected /     1076 sextracted
[1A[1M> Line: 3775  Objects:     2270 detected /     1081 sextracted
[1A[1M> Line: 3800  Objects:     2287 detected /     1086 sextracted
[1A[1M> Line: 3825  Objects:     2299 detected /     1097 sextracted
[1A[1M> Line: 3850  Objects:     2315 detected /     1108 sextracted
[1A[1M> Line: 3875  Objects:     2336 detected /     1111 sextracted
[1A[1M> Line: 3900  Objects:     2362 detected /     1125 sextracted
[1A[1M> Line: 3925  Objects:     2378 detected /     1132 sextracted
[1A[1M> Line: 3950  Objects:     2394 detected /     1143 sextracted
[1A[1M> Line: 3975  Objects:     2415 detected /     1153 sextracted
[1A
> WARNING: Pixel stack overflow at position 28,3997

[1M> Line: 4000  Objects:     2428 detected /     1165 sextracted
[1A[1M> Line: 4025  Objects:     2444 detected /     1179 sextracted
[1A[1M> Line: 4050  Objects:     2463 detected /     1187 sextracted
[1A[1M> Line: 4075  Objects:     2489 detected /     1194 sextracted
[1A[1M> Line: 4089  Objects:     2503 detected /     1200 sextracted
[1A[1M> Line: 4100  Objects:     2512 detected /     1207 sextracted
[1A[1M> Line: 4125  Objects:     2535 detected /     1214 sextracted
[1A[1M> Line: 4150  Objects:     2553 detected /     1226 sextracted
[1A[1M> Line: 4175  Objects:     2567 detected /     1242 sextracted
[1A[1M> Line: 4200  Objects:     2589 detected /     1248 sextracted
[1A[1M> Line: 4225  Objects:     2611 detected /     1257 sextracted
[1A[1M> Line: 4250  Objects:     2630 detected /     1277 sextracted
[1A[1M> Line: 4275  Objects:     2652 detected /     1287 sextracted
[1A[1M> Line: 4300  Objects:     2662 detected /     1294 sextracted
[1A[1M> Line: 4325  Objects:     2687 detected /     1299 sextracted
[1A[1M> Line: 4350  Objects:     2697 detected /     1311 sextracted
[1A[1M> Line: 4375  Objects:     2718 detected /     1325 sextracted
[1A[1M> Line: 4400  Objects:     2740 detected /     1337 sextracted
[1A[1M> Line: 4425  Objects:     2751 detected /     1347 sextracted
[1A[1M> Line: 4450  Objects:     2761 detected /     1362 sextracted
[1A[1M> Line: 4475  Objects:     2770 detected /     1371 sextracted
[1A[1M> Line: 4500  Objects:     2787 detected /     1379 sextracted
[1A[1M> Line: 4525  Objects:     2810 detected /     1394 sextracted
[1A[1M> Line: 4550  Objects:     2814 detected /     1406 sextracted
[1A[1M> Line: 4575  Objects:     2819 detected /     1420 sextracted
[1A[1M> Line: 4600  Objects:     2819 detected /     1426 sextracted
[1A[1M> Line: 4625  Objects:     2819 detected /     1436 sextracted
[1A[1M> Line: 4644  Objects:     2822 detected /     1600 sextracted
[1A      Objects: detected 2822     / sextracted 1795            

[1M> Closing files
[1A[1M> 
[1A> All done (in 0.6 s: 7414.8 lines/s , 2866.0 detections/s)
